0 info it worked if it ends with ok
1 verbose cli [ 'E:\\Program Files\\nodejs\\node.exe',
1 verbose cli   'E:\\Program Files\\nodejs\\node_modules\\npm\\bin\\npm-cli.js',
1 verbose cli   'run',
1 verbose cli   'dev' ]
2 info using npm@3.10.10
3 info using node@v6.11.1
4 verbose run-script [ 'predev', 'dev', 'postdev' ]
5 info lifecycle yuitex@1.0.0~predev: yuitex@1.0.0
6 silly lifecycle yuitex@1.0.0~predev: no script for predev, continuing
7 info lifecycle yuitex@1.0.0~dev: yuitex@1.0.0
8 verbose lifecycle yuitex@1.0.0~dev: unsafe-perm in lifecycle true
9 verbose lifecycle yuitex@1.0.0~dev: PATH: E:\Program Files\nodejs\node_modules\npm\bin\node-gyp-bin;C:\Users\Asen\Desktop\Yuitex project\yuitex\node_modules\.bin;C:\ProgramData\Oracle\Java\javapath;C:\Program Files (x86)\Common Files\Intel\Shared Libraries\redist\intel64\compiler;C:\Program Files (x86)\Common Files\Intel\Shared Libraries\redist\intel64\compiler;C:\Windows\system32;C:\Windows;C:\Windows\System32\Wbem;C:\Windows\System32\WindowsPowerShell\v1.0\;C:\Program Files (x86)\NVIDIA Corporation\PhysX\Common;C:\WINDOWS\system32;C:\WINDOWS;C:\WINDOWS\System32\Wbem;C:\WINDOWS\System32\WindowsPowerShell\v1.0\;E:\Program Files (x86)\Smart Projects\IsoBuster;E:\Program Files\nodejs\;C:\Users\Asen\AppData\Local\Microsoft\WindowsApps;C:\Users\Asen\AppData\Local\Microsoft\WindowsApps;C:\Users\Asen\AppData\Local\atom\bin;C:\Users\Asen\AppData\Roaming\npm
10 verbose lifecycle yuitex@1.0.0~dev: CWD: C:\Users\Asen\Desktop\Yuitex project\yuitex
11 silly lifecycle yuitex@1.0.0~dev: Args: [ '/d /s /c', 'node build/dev-server.js' ]
12 verbose stack Error: kill ENOSYS
12 verbose stack     at exports._errnoException (util.js:1018:11)
12 verbose stack     at process.kill (internal/process.js:190:13)
12 verbose stack     at process.listener (E:\Program Files\nodejs\node_modules\npm\node_modules\npmlog\node_modules\gauge\node_modules\signal-exit\index.js:86:15)
12 verbose stack     at emitNone (events.js:91:20)
12 verbose stack     at process.emit (events.js:185:7)
12 verbose stack     at processEmit (E:\Program Files\nodejs\node_modules\npm\node_modules\npmlog\node_modules\gauge\node_modules\signal-exit\index.js:146:32)
12 verbose stack     at processEmit (E:\Program Files\nodejs\node_modules\npm\node_modules\npm-registry-client\node_modules\npmlog\node_modules\gauge\node_modules\signal-exit\index.js:146:32)
12 verbose stack     at Signal.wrap.onsignal (internal/process.js:217:44)
13 verbose cwd C:\Users\Asen\Desktop\Yuitex project\yuitex
14 error Windows_NT 10.0.15063
15 error argv "E:\\Program Files\\nodejs\\node.exe" "E:\\Program Files\\nodejs\\node_modules\\npm\\bin\\npm-cli.js" "run" "dev"
16 error node v6.11.1
17 error npm  v3.10.10
18 error code ENOSYS
19 error errno ENOSYS
20 error syscall kill
21 error kill ENOSYS
22 error If you need help, you may report this error at:
22 error     <https://github.com/npm/npm/issues>
23 verbose exit [ 1, true ]
